2020-07-14 13:19:42.674  INFO 1560 --- [main] org.seckill.Application                  : Starting Application on DESKTOP-MA9L98T with PID 1560 (D:\bofeiProjects\codelife\SpringBoot-seckill\target\classes started by bofei in D:\bofeiProjects\codelife\SpringBoot-seckill)
2020-07-14 13:19:42.677  INFO 1560 --- [main] org.seckill.Application                  : No active profile set, falling back to default profiles: default
2020-07-14 13:19:43.308  INFO 1560 --- [main] .s.d.r.c.RepositoryConfigurationDelegate : Multiple Spring Data modules found, entering strict repository configuration mode!
2020-07-14 13:19:43.310  INFO 1560 --- [main] .s.d.r.c.RepositoryConfigurationDelegate : Bootstrapping Spring Data Redis repositories in DEFAULT mode.
2020-07-14 13:19:43.340  INFO 1560 --- [main] .s.d.r.c.RepositoryConfigurationDelegate : Finished Spring Data repository scanning in 10ms. Found 0 Redis repository interfaces.
2020-07-14 13:19:43.738  INFO 1560 --- [main] o.s.b.w.embedded.tomcat.TomcatWebServer  : Tomcat initialized with port(s): 6066 (http)
2020-07-14 13:19:43.744  INFO 1560 --- [main] o.apache.catalina.core.StandardService   : Starting service [Tomcat]
2020-07-14 13:19:43.744  INFO 1560 --- [main] org.apache.catalina.core.StandardEngine  : Starting Servlet engine: [Apache Tomcat/9.0.31]
2020-07-14 13:19:43.807  INFO 1560 --- [main] o.a.c.c.C.[Tomcat].[localhost].[/]       : Initializing Spring embedded WebApplicationContext
2020-07-14 13:19:43.807  INFO 1560 --- [main] o.s.web.context.ContextLoader            : Root WebApplicationContext: initialization completed in 1075 ms
2020-07-14 13:19:43.892  INFO 1560 --- [main] c.a.d.s.b.a.DruidDataSourceAutoConfigure : Init DruidDataSource
2020-07-14 13:19:44.034  INFO 1560 --- [main] com.alibaba.druid.pool.DruidDataSource   : {dataSource-1} inited
2020-07-14 13:19:44.460  INFO 1560 --- [main] eConfig$$EnhancerBySpringCGLIB$$91b7a94d : RedisTemplate序列化配置，转化方式：org.springframework.data.redis.serializer.Jackson2JsonRedisSerializer
2020-07-14 13:19:44.480  INFO 1560 --- [main] org.seckill.reids.JedisConfig            : JedisPool注入成功
2020-07-14 13:19:44.480  INFO 1560 --- [main] org.seckill.reids.JedisConfig            : redis地址：10.1.1.208:6379
2020-07-14 13:19:44.575  INFO 1560 --- [main] o.s.s.concurrent.ThreadPoolTaskExecutor  : Initializing ExecutorService 'applicationTaskExecutor'
2020-07-14 13:19:44.652  WARN 1560 --- [main] org.thymeleaf.templatemode.TemplateMode  : [THYMELEAF][main] Template Mode 'LEGACYHTML5' is deprecated. Using Template Mode 'HTML' instead.
2020-07-14 13:19:44.785  INFO 1560 --- [main] o.s.b.w.embedded.tomcat.TomcatWebServer  : Tomcat started on port(s): 6066 (http) with context path ''
2020-07-14 13:19:44.787  INFO 1560 --- [main] org.seckill.Application                  : Started Application in 2.658 seconds (JVM running for 3.582)
2020-07-14 13:19:44.788  INFO 1560 --- [main] org.seckill.Application                  : ==================== SpringBoot Start Success ======================
2020-07-14 13:19:55.697  INFO 1560 --- [http-nio-6066-exec-1] o.a.c.c.C.[Tomcat].[localhost].[/]       : Initializing Spring DispatcherServlet 'dispatcherServlet'
2020-07-14 13:19:55.698  INFO 1560 --- [http-nio-6066-exec-1] o.s.web.servlet.DispatcherServlet        : Initializing Servlet 'dispatcherServlet'
2020-07-14 13:19:55.704  INFO 1560 --- [http-nio-6066-exec-1] o.s.web.servlet.DispatcherServlet        : Completed initialization in 6 ms
2020-07-14 13:19:55.757 DEBUG 1560 --- [http-nio-6066-exec-4] org.seckill.dao.SeckillDao.findAll       : ==>  Preparing: SELECT * FROM seckill 
2020-07-14 13:19:55.774 DEBUG 1560 --- [http-nio-6066-exec-4] org.seckill.dao.SeckillDao.findAll       : ==> Parameters: 
2020-07-14 13:19:55.801 DEBUG 1560 --- [http-nio-6066-exec-4] org.seckill.dao.SeckillDao.findAll       : <==      Total: 3
2020-07-14 13:20:03.833 DEBUG 1560 --- [http-nio-6066-exec-1] org.seckill.dao.SeckillDao.queryById     : ==>  Preparing: SELECT * FROM seckill WHERE seckill_id = ? 
2020-07-14 13:20:03.833 DEBUG 1560 --- [http-nio-6066-exec-1] org.seckill.dao.SeckillDao.queryById     : ==> Parameters: 324(Long)
2020-07-14 13:20:03.835 DEBUG 1560 --- [http-nio-6066-exec-1] org.seckill.dao.SeckillDao.queryById     : <==      Total: 1
2020-07-14 13:20:12.650 DEBUG 1560 --- [http-nio-6066-exec-9] org.seckill.dao.SeckillDao.queryById     : ==>  Preparing: SELECT * FROM seckill WHERE seckill_id = ? 
2020-07-14 13:20:12.650 DEBUG 1560 --- [http-nio-6066-exec-9] org.seckill.dao.SeckillDao.queryById     : ==> Parameters: 324(Long)
2020-07-14 13:20:12.652 DEBUG 1560 --- [http-nio-6066-exec-9] org.seckill.dao.SeckillDao.queryById     : <==      Total: 1
2020-07-14 13:20:17.805 DEBUG 1560 --- [http-nio-6066-exec-1] org.seckill.dao.SeckillDao.findAll       : ==>  Preparing: SELECT * FROM seckill 
2020-07-14 13:20:17.806 DEBUG 1560 --- [http-nio-6066-exec-1] org.seckill.dao.SeckillDao.findAll       : ==> Parameters: 
2020-07-14 13:20:17.808 DEBUG 1560 --- [http-nio-6066-exec-1] org.seckill.dao.SeckillDao.findAll       : <==      Total: 3
2020-07-14 13:20:19.130 DEBUG 1560 --- [http-nio-6066-exec-4] org.seckill.dao.SeckillDao.queryById     : ==>  Preparing: SELECT * FROM seckill WHERE seckill_id = ? 
2020-07-14 13:20:19.130 DEBUG 1560 --- [http-nio-6066-exec-4] org.seckill.dao.SeckillDao.queryById     : ==> Parameters: 324(Long)
2020-07-14 13:20:19.132 DEBUG 1560 --- [http-nio-6066-exec-4] org.seckill.dao.SeckillDao.queryById     : <==      Total: 1
2020-07-14 13:20:23.237 DEBUG 1560 --- [http-nio-6066-exec-8] org.seckill.dao.SeckillDao.queryById     : ==>  Preparing: SELECT * FROM seckill WHERE seckill_id = ? 
2020-07-14 13:20:23.237 DEBUG 1560 --- [http-nio-6066-exec-8] org.seckill.dao.SeckillDao.queryById     : ==> Parameters: 325(Long)
2020-07-14 13:20:23.240 DEBUG 1560 --- [http-nio-6066-exec-8] org.seckill.dao.SeckillDao.queryById     : <==      Total: 1
2020-07-14 13:20:25.795 DEBUG 1560 --- [http-nio-6066-exec-6] org.seckill.dao.SeckillDao.queryById     : ==>  Preparing: SELECT * FROM seckill WHERE seckill_id = ? 
2020-07-14 13:20:25.795 DEBUG 1560 --- [http-nio-6066-exec-6] org.seckill.dao.SeckillDao.queryById     : ==> Parameters: 326(Long)
2020-07-14 13:20:25.796 DEBUG 1560 --- [http-nio-6066-exec-6] org.seckill.dao.SeckillDao.queryById     : <==      Total: 1
2020-07-14 13:20:30.479 DEBUG 1560 --- [http-nio-6066-exec-7] org.seckill.dao.SeckillDao.findAll       : ==>  Preparing: SELECT * FROM seckill 
2020-07-14 13:20:30.480 DEBUG 1560 --- [http-nio-6066-exec-7] org.seckill.dao.SeckillDao.findAll       : ==> Parameters: 
2020-07-14 13:20:30.482 DEBUG 1560 --- [http-nio-6066-exec-7] org.seckill.dao.SeckillDao.findAll       : <==      Total: 3
2020-07-14 13:20:32.525 DEBUG 1560 --- [http-nio-6066-exec-9] org.seckill.dao.SeckillDao.queryById     : ==>  Preparing: SELECT * FROM seckill WHERE seckill_id = ? 
2020-07-14 13:20:32.527 DEBUG 1560 --- [http-nio-6066-exec-9] org.seckill.dao.SeckillDao.queryById     : ==> Parameters: 325(Long)
2020-07-14 13:20:32.530 DEBUG 1560 --- [http-nio-6066-exec-9] org.seckill.dao.SeckillDao.queryById     : <==      Total: 1
2020-07-14 13:24:54.191  INFO 19564 --- [main] org.seckill.Application                  : Starting Application on DESKTOP-MA9L98T with PID 19564 (D:\bofeiProjects\codelife\SpringBoot-seckill\target\classes started by bofei in D:\bofeiProjects\codelife\SpringBoot-seckill)
2020-07-14 13:24:54.195  INFO 19564 --- [main] org.seckill.Application                  : No active profile set, falling back to default profiles: default
2020-07-14 13:24:54.876  INFO 19564 --- [main] .s.d.r.c.RepositoryConfigurationDelegate : Multiple Spring Data modules found, entering strict repository configuration mode!
2020-07-14 13:24:54.879  INFO 19564 --- [main] .s.d.r.c.RepositoryConfigurationDelegate : Bootstrapping Spring Data Redis repositories in DEFAULT mode.
2020-07-14 13:24:54.902  INFO 19564 --- [main] .s.d.r.c.RepositoryConfigurationDelegate : Finished Spring Data repository scanning in 12ms. Found 0 Redis repository interfaces.
2020-07-14 13:24:55.304  INFO 19564 --- [main] o.s.b.w.embedded.tomcat.TomcatWebServer  : Tomcat initialized with port(s): 6066 (http)
2020-07-14 13:24:55.310  INFO 19564 --- [main] o.apache.catalina.core.StandardService   : Starting service [Tomcat]
2020-07-14 13:24:55.310  INFO 19564 --- [main] org.apache.catalina.core.StandardEngine  : Starting Servlet engine: [Apache Tomcat/9.0.31]
2020-07-14 13:24:55.381  INFO 19564 --- [main] o.a.c.c.C.[Tomcat].[localhost].[/]       : Initializing Spring embedded WebApplicationContext
2020-07-14 13:24:55.381  INFO 19564 --- [main] o.s.web.context.ContextLoader            : Root WebApplicationContext: initialization completed in 1128 ms
2020-07-14 13:24:55.693  INFO 19564 --- [main] eConfig$$EnhancerBySpringCGLIB$$7008d2a8 : RedisTemplate序列化配置，转化方式：org.springframework.data.redis.serializer.Jackson2JsonRedisSerializer
2020-07-14 13:24:55.741  INFO 19564 --- [main] c.a.d.s.b.a.DruidDataSourceAutoConfigure : Init DruidDataSource
2020-07-14 13:24:55.887  INFO 19564 --- [main] com.alibaba.druid.pool.DruidDataSource   : {dataSource-1} inited
2020-07-14 13:24:56.046  INFO 19564 --- [main] org.seckill.reids.JedisConfig            : JedisPool注入成功
2020-07-14 13:24:56.047  INFO 19564 --- [main] org.seckill.reids.JedisConfig            : redis地址：10.1.1.208:6379
2020-07-14 13:24:56.150  INFO 19564 --- [main] o.s.s.concurrent.ThreadPoolTaskExecutor  : Initializing ExecutorService 'applicationTaskExecutor'
2020-07-14 13:24:56.233  WARN 19564 --- [main] org.thymeleaf.templatemode.TemplateMode  : [THYMELEAF][main] Template Mode 'LEGACYHTML5' is deprecated. Using Template Mode 'HTML' instead.
2020-07-14 13:24:56.366  INFO 19564 --- [main] o.s.b.w.embedded.tomcat.TomcatWebServer  : Tomcat started on port(s): 6066 (http) with context path ''
2020-07-14 13:24:56.368  INFO 19564 --- [main] org.seckill.Application                  : Started Application in 2.681 seconds (JVM running for 3.454)
2020-07-14 13:24:56.369  INFO 19564 --- [main] org.seckill.Application                  : ==================== SpringBoot Start Success ======================
2020-07-14 13:25:01.480  INFO 19564 --- [http-nio-6066-exec-1] o.a.c.c.C.[Tomcat].[localhost].[/]       : Initializing Spring DispatcherServlet 'dispatcherServlet'
2020-07-14 13:25:01.480  INFO 19564 --- [http-nio-6066-exec-1] o.s.web.servlet.DispatcherServlet        : Initializing Servlet 'dispatcherServlet'
2020-07-14 13:25:01.483  INFO 19564 --- [http-nio-6066-exec-1] o.s.web.servlet.DispatcherServlet        : Completed initialization in 3 ms
2020-07-14 13:25:01.587  INFO 19564 --- [http-nio-6066-exec-1] io.lettuce.core.EpollProvider            : Starting without optional epoll library
2020-07-14 13:25:01.588  INFO 19564 --- [http-nio-6066-exec-1] io.lettuce.core.KqueueProvider           : Starting without optional kqueue library
2020-07-14 13:25:02.106 ERROR 19564 --- [http-nio-6066-exec-1] o.a.c.c.C.[.[.[/].[dispatcherServlet]    : Servlet.service() for servlet [dispatcherServlet] in context with path [] threw exception [Request processing failed; nested exception is org.springframework.data.redis.RedisConnectionFailureException: Unable to connect to Redis; nested exception is io.lettuce.core.RedisConnectionException: Unable to connect to 10.1.1.208:6379] with root cause

io.lettuce.core.RedisCommandExecutionException: NOAUTH Authentication required.
	at io.lettuce.core.ExceptionFactory.createExecutionException(ExceptionFactory.java:135) ~[lettuce-core-5.2.2.RELEASE.jar:5.2.2.RELEASE]
	at io.lettuce.core.ExceptionFactory.createExecutionException(ExceptionFactory.java:108) ~[lettuce-core-5.2.2.RELEASE.jar:5.2.2.RELEASE]
	at io.lettuce.core.protocol.AsyncCommand.completeResult(AsyncCommand.java:120) ~[lettuce-core-5.2.2.RELEASE.jar:5.2.2.RELEASE]
	at io.lettuce.core.protocol.AsyncCommand.complete(AsyncCommand.java:111) ~[lettuce-core-5.2.2.RELEASE.jar:5.2.2.RELEASE]
	at io.lettuce.core.protocol.CommandHandler.complete(CommandHandler.java:654) ~[lettuce-core-5.2.2.RELEASE.jar:5.2.2.RELEASE]
	at io.lettuce.core.protocol.CommandHandler.decode(CommandHandler.java:614) ~[lettuce-core-5.2.2.RELEASE.jar:5.2.2.RELEASE]
	at io.lettuce.core.protocol.CommandHandler.channelRead(CommandHandler.java:565) ~[lettuce-core-5.2.2.RELEASE.jar:5.2.2.RELEASE]
	at io.netty.channel.AbstractChannelHandlerContext.invokeChannelRead(AbstractChannelHandlerContext.java:377) ~[netty-transport-4.1.45.Final.jar:4.1.45.Final]
	at io.netty.channel.AbstractChannelHandlerContext.invokeChannelRead(AbstractChannelHandlerContext.java:363) ~[netty-transport-4.1.45.Final.jar:4.1.45.Final]
	at io.netty.channel.AbstractChannelHandlerContext.fireChannelRead(AbstractChannelHandlerContext.java:355) ~[netty-transport-4.1.45.Final.jar:4.1.45.Final]
	at io.netty.channel.DefaultChannelPipeline$HeadContext.channelRead(DefaultChannelPipeline.java:1410) ~[netty-transport-4.1.45.Final.jar:4.1.45.Final]
	at io.netty.channel.AbstractChannelHandlerContext.invokeChannelRead(AbstractChannelHandlerContext.java:377) ~[netty-transport-4.1.45.Final.jar:4.1.45.Final]
	at io.netty.channel.AbstractChannelHandlerContext.invokeChannelRead(AbstractChannelHandlerContext.java:363) ~[netty-transport-4.1.45.Final.jar:4.1.45.Final]
	at io.netty.channel.DefaultChannelPipeline.fireChannelRead(DefaultChannelPipeline.java:919) ~[netty-transport-4.1.45.Final.jar:4.1.45.Final]
	at io.netty.channel.nio.AbstractNioByteChannel$NioByteUnsafe.read(AbstractNioByteChannel.java:163) ~[netty-transport-4.1.45.Final.jar:4.1.45.Final]
	at io.netty.channel.nio.NioEventLoop.processSelectedKey(NioEventLoop.java:714) ~[netty-transport-4.1.45.Final.jar:4.1.45.Final]
	at io.netty.channel.nio.NioEventLoop.processSelectedKeysOptimized(NioEventLoop.java:650) ~[netty-transport-4.1.45.Final.jar:4.1.45.Final]
	at io.netty.channel.nio.NioEventLoop.processSelectedKeys(NioEventLoop.java:576) ~[netty-transport-4.1.45.Final.jar:4.1.45.Final]
	at io.netty.channel.nio.NioEventLoop.run(NioEventLoop.java:493) ~[netty-transport-4.1.45.Final.jar:4.1.45.Final]
	at io.netty.util.concurrent.SingleThreadEventExecutor$4.run(SingleThreadEventExecutor.java:989) ~[netty-common-4.1.45.Final.jar:4.1.45.Final]
	at io.netty.util.internal.ThreadExecutorMap$2.run(ThreadExecutorMap.java:74) ~[netty-common-4.1.45.Final.jar:4.1.45.Final]
	at io.netty.util.concurrent.FastThreadLocalRunnable.run(FastThreadLocalRunnable.java:30) ~[netty-common-4.1.45.Final.jar:4.1.45.Final]
	at java.lang.Thread.run(Thread.java:745) [na:1.8.0_121]

2020-07-14 13:25:31.314  INFO 14536 --- [main] org.seckill.Application                  : Starting Application on DESKTOP-MA9L98T with PID 14536 (D:\bofeiProjects\codelife\SpringBoot-seckill\target\classes started by bofei in D:\bofeiProjects\codelife\SpringBoot-seckill)
2020-07-14 13:25:31.317  INFO 14536 --- [main] org.seckill.Application                  : No active profile set, falling back to default profiles: default
2020-07-14 13:25:31.884  INFO 14536 --- [main] .s.d.r.c.RepositoryConfigurationDelegate : Multiple Spring Data modules found, entering strict repository configuration mode!
2020-07-14 13:25:31.885  INFO 14536 --- [main] .s.d.r.c.RepositoryConfigurationDelegate : Bootstrapping Spring Data Redis repositories in DEFAULT mode.
2020-07-14 13:25:31.905  INFO 14536 --- [main] .s.d.r.c.RepositoryConfigurationDelegate : Finished Spring Data repository scanning in 11ms. Found 0 Redis repository interfaces.
2020-07-14 13:25:32.240  INFO 14536 --- [main] o.s.b.w.embedded.tomcat.TomcatWebServer  : Tomcat initialized with port(s): 6066 (http)
2020-07-14 13:25:32.246  INFO 14536 --- [main] o.apache.catalina.core.StandardService   : Starting service [Tomcat]
2020-07-14 13:25:32.246  INFO 14536 --- [main] org.apache.catalina.core.StandardEngine  : Starting Servlet engine: [Apache Tomcat/9.0.31]
2020-07-14 13:25:32.308  INFO 14536 --- [main] o.a.c.c.C.[Tomcat].[localhost].[/]       : Initializing Spring embedded WebApplicationContext
2020-07-14 13:25:32.308  INFO 14536 --- [main] o.s.web.context.ContextLoader            : Root WebApplicationContext: initialization completed in 931 ms
2020-07-14 13:25:32.556  INFO 14536 --- [main] eConfig$$EnhancerBySpringCGLIB$$7717acd1 : RedisTemplate序列化配置，转化方式：org.springframework.data.redis.serializer.Jackson2JsonRedisSerializer
2020-07-14 13:25:32.603  INFO 14536 --- [main] c.a.d.s.b.a.DruidDataSourceAutoConfigure : Init DruidDataSource
2020-07-14 13:25:32.743  INFO 14536 --- [main] com.alibaba.druid.pool.DruidDataSource   : {dataSource-1} inited
2020-07-14 13:25:32.888  INFO 14536 --- [main] org.seckill.reids.JedisConfig            : JedisPool注入成功
2020-07-14 13:25:32.888  INFO 14536 --- [main] org.seckill.reids.JedisConfig            : redis地址：10.1.1.208:6379
2020-07-14 13:25:32.984  INFO 14536 --- [main] o.s.s.concurrent.ThreadPoolTaskExecutor  : Initializing ExecutorService 'applicationTaskExecutor'
2020-07-14 13:25:33.060  WARN 14536 --- [main] org.thymeleaf.templatemode.TemplateMode  : [THYMELEAF][main] Template Mode 'LEGACYHTML5' is deprecated. Using Template Mode 'HTML' instead.
2020-07-14 13:25:33.197  INFO 14536 --- [main] o.s.b.w.embedded.tomcat.TomcatWebServer  : Tomcat started on port(s): 6066 (http) with context path ''
2020-07-14 13:25:33.199  INFO 14536 --- [main] org.seckill.Application                  : Started Application in 2.277 seconds (JVM running for 2.975)
2020-07-14 13:25:33.200  INFO 14536 --- [main] org.seckill.Application                  : ==================== SpringBoot Start Success ======================
2020-07-14 13:25:35.867  INFO 14536 --- [http-nio-6066-exec-1] o.a.c.c.C.[Tomcat].[localhost].[/]       : Initializing Spring DispatcherServlet 'dispatcherServlet'
2020-07-14 13:25:35.867  INFO 14536 --- [http-nio-6066-exec-1] o.s.web.servlet.DispatcherServlet        : Initializing Servlet 'dispatcherServlet'
2020-07-14 13:25:35.872  INFO 14536 --- [http-nio-6066-exec-1] o.s.web.servlet.DispatcherServlet        : Completed initialization in 5 ms
2020-07-14 13:25:35.987  INFO 14536 --- [http-nio-6066-exec-1] io.lettuce.core.EpollProvider            : Starting without optional epoll library
2020-07-14 13:25:35.988  INFO 14536 --- [http-nio-6066-exec-1] io.lettuce.core.KqueueProvider           : Starting without optional kqueue library
2020-07-14 13:35:27.809  INFO 26912 --- [main] org.seckill.Application                  : Starting Application on DESKTOP-MA9L98T with PID 26912 (D:\bofeiProjects\codelife\SpringBoot-seckill\target\classes started by bofei in D:\bofeiProjects\codelife\SpringBoot-seckill)
2020-07-14 13:35:27.813  INFO 26912 --- [main] org.seckill.Application                  : No active profile set, falling back to default profiles: default
2020-07-14 13:35:28.353  INFO 26912 --- [main] .s.d.r.c.RepositoryConfigurationDelegate : Multiple Spring Data modules found, entering strict repository configuration mode!
2020-07-14 13:35:28.354  INFO 26912 --- [main] .s.d.r.c.RepositoryConfigurationDelegate : Bootstrapping Spring Data Redis repositories in DEFAULT mode.
2020-07-14 13:35:28.374  INFO 26912 --- [main] .s.d.r.c.RepositoryConfigurationDelegate : Finished Spring Data repository scanning in 10ms. Found 0 Redis repository interfaces.
2020-07-14 13:35:28.711  INFO 26912 --- [main] o.s.b.w.embedded.tomcat.TomcatWebServer  : Tomcat initialized with port(s): 6066 (http)
2020-07-14 13:35:28.717  INFO 26912 --- [main] o.apache.catalina.core.StandardService   : Starting service [Tomcat]
2020-07-14 13:35:28.717  INFO 26912 --- [main] org.apache.catalina.core.StandardEngine  : Starting Servlet engine: [Apache Tomcat/9.0.31]
2020-07-14 13:35:28.779  INFO 26912 --- [main] o.a.c.c.C.[Tomcat].[localhost].[/]       : Initializing Spring embedded WebApplicationContext
2020-07-14 13:35:28.779  INFO 26912 --- [main] o.s.web.context.ContextLoader            : Root WebApplicationContext: initialization completed in 914 ms
2020-07-14 13:35:29.034  INFO 26912 --- [main] eConfig$$EnhancerBySpringCGLIB$$2bf98a9c : RedisTemplate序列化配置，转化方式：org.springframework.data.redis.serializer.Jackson2JsonRedisSerializer
2020-07-14 13:35:29.084  INFO 26912 --- [main] c.a.d.s.b.a.DruidDataSourceAutoConfigure : Init DruidDataSource
2020-07-14 13:35:29.214  INFO 26912 --- [main] com.alibaba.druid.pool.DruidDataSource   : {dataSource-1} inited
2020-07-14 13:35:29.353  INFO 26912 --- [main] org.seckill.reids.JedisConfig            : JedisPool注入成功
2020-07-14 13:35:29.353  INFO 26912 --- [main] org.seckill.reids.JedisConfig            : redis地址：10.1.1.208:6379
2020-07-14 13:35:29.447  INFO 26912 --- [main] o.s.s.concurrent.ThreadPoolTaskExecutor  : Initializing ExecutorService 'applicationTaskExecutor'
2020-07-14 13:35:29.530  WARN 26912 --- [main] org.thymeleaf.templatemode.TemplateMode  : [THYMELEAF][main] Template Mode 'LEGACYHTML5' is deprecated. Using Template Mode 'HTML' instead.
2020-07-14 13:35:29.665  INFO 26912 --- [main] o.s.b.w.embedded.tomcat.TomcatWebServer  : Tomcat started on port(s): 6066 (http) with context path ''
2020-07-14 13:35:29.667  INFO 26912 --- [main] org.seckill.Application                  : Started Application in 2.301 seconds (JVM running for 3.138)
2020-07-14 13:35:29.668  INFO 26912 --- [main] org.seckill.Application                  : ==================== SpringBoot Start Success ======================
2020-07-14 13:35:55.995  INFO 26912 --- [http-nio-6066-exec-1] o.a.c.c.C.[Tomcat].[localhost].[/]       : Initializing Spring DispatcherServlet 'dispatcherServlet'
2020-07-14 13:35:55.996  INFO 26912 --- [http-nio-6066-exec-1] o.s.web.servlet.DispatcherServlet        : Initializing Servlet 'dispatcherServlet'
2020-07-14 13:35:56.000  INFO 26912 --- [http-nio-6066-exec-1] o.s.web.servlet.DispatcherServlet        : Completed initialization in 4 ms
2020-07-14 13:35:56.116  INFO 26912 --- [http-nio-6066-exec-1] io.lettuce.core.EpollProvider            : Starting without optional epoll library
2020-07-14 13:35:56.120  INFO 26912 --- [http-nio-6066-exec-1] io.lettuce.core.KqueueProvider           : Starting without optional kqueue library
2020-07-14 13:38:59.713  INFO 26912 --- [lettuce-nioEventLoop-4-1] io.lettuce.core.protocol.CommandHandler  : null Unexpected exception during request: java.io.IOException: 远程主机强迫关闭了一个现有的连接。

java.io.IOException: 远程主机强迫关闭了一个现有的连接。
	at sun.nio.ch.SocketDispatcher.read0(Native Method) ~[na:1.8.0_121]
	at sun.nio.ch.SocketDispatcher.read(SocketDispatcher.java:43) ~[na:1.8.0_121]
	at sun.nio.ch.IOUtil.readIntoNativeBuffer(IOUtil.java:223) ~[na:1.8.0_121]
	at sun.nio.ch.IOUtil.read(IOUtil.java:192) ~[na:1.8.0_121]
	at sun.nio.ch.SocketChannelImpl.read(SocketChannelImpl.java:380) ~[na:1.8.0_121]
	at io.netty.buffer.PooledByteBuf.setBytes(PooledByteBuf.java:253) ~[netty-buffer-4.1.45.Final.jar:4.1.45.Final]
	at io.netty.buffer.AbstractByteBuf.writeBytes(AbstractByteBuf.java:1133) ~[netty-buffer-4.1.45.Final.jar:4.1.45.Final]
	at io.netty.channel.socket.nio.NioSocketChannel.doReadBytes(NioSocketChannel.java:350) ~[netty-transport-4.1.45.Final.jar:4.1.45.Final]
	at io.netty.channel.nio.AbstractNioByteChannel$NioByteUnsafe.read(AbstractNioByteChannel.java:148) ~[netty-transport-4.1.45.Final.jar:4.1.45.Final]
	at io.netty.channel.nio.NioEventLoop.processSelectedKey(NioEventLoop.java:714) [netty-transport-4.1.45.Final.jar:4.1.45.Final]
	at io.netty.channel.nio.NioEventLoop.processSelectedKeysOptimized(NioEventLoop.java:650) [netty-transport-4.1.45.Final.jar:4.1.45.Final]
	at io.netty.channel.nio.NioEventLoop.processSelectedKeys(NioEventLoop.java:576) [netty-transport-4.1.45.Final.jar:4.1.45.Final]
	at io.netty.channel.nio.NioEventLoop.run(NioEventLoop.java:493) [netty-transport-4.1.45.Final.jar:4.1.45.Final]
	at io.netty.util.concurrent.SingleThreadEventExecutor$4.run(SingleThreadEventExecutor.java:989) [netty-common-4.1.45.Final.jar:4.1.45.Final]
	at io.netty.util.internal.ThreadExecutorMap$2.run(ThreadExecutorMap.java:74) [netty-common-4.1.45.Final.jar:4.1.45.Final]
	at io.netty.util.concurrent.FastThreadLocalRunnable.run(FastThreadLocalRunnable.java:30) [netty-common-4.1.45.Final.jar:4.1.45.Final]
	at java.lang.Thread.run(Thread.java:745) [na:1.8.0_121]

2020-07-14 13:38:59.896  INFO 26912 --- [lettuce-eventExecutorLoop-1-6] i.l.core.protocol.ConnectionWatchdog     : Reconnecting, last destination was /10.1.1.208:6379
2020-07-14 13:38:59.930  WARN 26912 --- [lettuce-nioEventLoop-4-2] i.l.core.protocol.ConnectionWatchdog     : Cannot reconnect to [10.1.1.208:6379]: No route to host: no further information: /10.1.1.208:6379

io.netty.channel.AbstractChannel$AnnotatedNoRouteToHostException: No route to host: no further information: /10.1.1.208:6379
Caused by: java.net.NoRouteToHostException: No route to host: no further information
	at sun.nio.ch.SocketChannelImpl.checkConnect(Native Method) ~[na:1.8.0_121]
	at sun.nio.ch.SocketChannelImpl.finishConnect(SocketChannelImpl.java:717) ~[na:1.8.0_121]
	at io.netty.channel.socket.nio.NioSocketChannel.doFinishConnect(NioSocketChannel.java:330) ~[netty-transport-4.1.45.Final.jar:4.1.45.Final]
	at io.netty.channel.nio.AbstractNioChannel$AbstractNioUnsafe.finishConnect(AbstractNioChannel.java:334) ~[netty-transport-4.1.45.Final.jar:4.1.45.Final]
	at io.netty.channel.nio.NioEventLoop.processSelectedKey(NioEventLoop.java:702) ~[netty-transport-4.1.45.Final.jar:4.1.45.Final]
	at io.netty.channel.nio.NioEventLoop.processSelectedKeysOptimized(NioEventLoop.java:650) ~[netty-transport-4.1.45.Final.jar:4.1.45.Final]
	at io.netty.channel.nio.NioEventLoop.processSelectedKeys(NioEventLoop.java:576) ~[netty-transport-4.1.45.Final.jar:4.1.45.Final]
	at io.netty.channel.nio.NioEventLoop.run(NioEventLoop.java:493) ~[netty-transport-4.1.45.Final.jar:4.1.45.Final]
	at io.netty.util.concurrent.SingleThreadEventExecutor$4.run(SingleThreadEventExecutor.java:989) ~[netty-common-4.1.45.Final.jar:4.1.45.Final]
	at io.netty.util.internal.ThreadExecutorMap$2.run(ThreadExecutorMap.java:74) ~[netty-common-4.1.45.Final.jar:4.1.45.Final]
	at io.netty.util.concurrent.FastThreadLocalRunnable.run(FastThreadLocalRunnable.java:30) ~[netty-common-4.1.45.Final.jar:4.1.45.Final]
	at java.lang.Thread.run(Thread.java:745) ~[na:1.8.0_121]

2020-07-14 13:39:04.797  INFO 26912 --- [lettuce-nioEventLoop-4-5] i.l.core.protocol.ReconnectionHandler    : Reconnected to 10.1.1.208:6379
